
    2  mkdir test
    3  ls
    4  rmdir test
    5  ls
    6  passwd
    7  mkdir sampleProject
    8  ls -ltr
    9  cd sampleProject/
   10  touch sampleFile.txt
   11  git init
   12  git add .
   13  git status
   14  git config --global breannakchi
   15  git config --global user.name "breannakchi"
   16  git config --global user.email breannakchi@gmail.com
   17  cd ~/.ssh && ssh-keygen
   18  mkdir ~/.ssh
   19  cd ~/.ssh && ssh-keygen
   20  cat id_rsa.pub
   21  git remote add origin git@github.com:<breannakchi>/<sampleProject>.git
   22  git remote add origin https://github.com/breannakchi/sampleProject.git
   23  git commit -m "hello world"
   24  git remote add origin https://github.com/breannakchi/sampleProject.git
   25  git init
   26  git remote add origin https://github.com/breannakchi/sampleProject.git
   27  git commit -m "hello world"
   28  git push --set-upstream origin master
   29  git add .
   30  git push --set-upstream origin master
   31  git add .
   32  git commit -m "hello world"
   33  git push --set-upstream origin master
   34  git remote add origin git@github.com:breannakchi/sampleProject.git
   35  git remote -v
   36  git remote set-url origin git@github.com:breannakchi/sampleProject.git
   37  git remove -v
   38  git remote -v
   39  git add .
   40  git commit -m "hello world"
   41  git push --set-upstream origin master
   42  wget www.github.com
   43  pwd
   44  mkdir myproject
   45  cd myproject/
   46  git init
   47  touch newfile.txt
   48  ls
   49  git status
   50  git add newfile.txt
   51  git status
   52  git commit -m "this is my first commit!"
   53  git status
   54  git branch
   55  git checkout -b my-new-branch
   56  git branch
   57  git remote add origin git@github.com:breannakchi/newrepo.git
   58  git push -u origin main
   59  git config --global user.email "breannakchi@gmail.com"
   60  git config --global user.name
   61  git remote add origin git@github.com:breannakchi/newrepo.git
   62  git push -u origin main
   63  git status
   64  git add .
   65  git status
   66  git remote add origin git@github.com:breannakchi/newrepo.git
   67  git commit -m "this is my first commit"
   68  git push -u origin master
   69  git push origin my-new-branch
   70  git pull
   71  git pull origin master
   72  git log
   73  git checkout master
   74  git log
   75  pwd
   76  cd..
   77  cd.
   78  cd ..
   79  pwd
   80  mkdir cs131
   81  ls
   82  cd cs131
   83  git init
   84  git remote add origin git@github.com:breannakchi/cs131.git
   85  git branch
   86  git status
   87  git branch -b worksheet1
   88  git checkout -b worksheet1
   89  git branch
   90  git staus
   91  git status
   92  git add .
   93  history > cmds.log
   94  touch cmds.log
   95  ls
   96  git status
   97  git add
   98  git add .
   99  git commit -m "My history of commands"
  100  git branch
  101  git remote add origin git@github.com:breannakchi/cs131.git
  102  git status
  103  git init
  104  git add.
  105  git add .
  106  git status
  107  touch cmds.log 
  108  ls
  109  git status
  110  git add cmds.log 
  111  git commit
  112  git commit -m "My history of my commands"
  113  git branch
  114  git remote add origin git@github.com:breannakchi/cs131.git
  115  git push -u origin main
  116  git push origin worksheet1
  117  wget https://raw.githubusercontent.com/jyotikahp/DemoRepoForCS131/main/Global%20YouTube%20Statistics.csv
  118  grep "United States" "Global YouTube Statistics.csv"
  119  grep ",Music," "Global YouTube Statistics.csv"
  120  grep ",Music," "Global YouTube Statistics.csv" | wc
  121  grep ",Music," "Global YouTube Statistics.csv" | wc -l > counts.txt
  122  grep ",Music," "Global YouTube Statistics.csv" | wc -w >> counts.txt
  123  vi counts.txt
  124  history > cmds.log
  125  pwd
  126  mkdir Worksheet2
  127  ls -ltr
  128  cd worksheet2
  129  cd Worksheet2
  130  touch counts.txt
  131  git init
  132  git add .
  133  git status
  134  touch cmds.log
  135  git init
  136  git add .
  137  git status
  138  git config --global user.email breannakchi@gmail.com
  139  git config --global user.name breannakchi
  140  git init
  141  git commit -m "adding the counts.txt file and cmds.log for history file"
  142  git brnach -m main
  143  git branch -m main
  144  git remote add origin git@github.com:breannakchi/Worksheet2.git
  145  git push -u origin main
  146  touch counts.txt
  147  cd
  148  ls
  149  cd worksheet2
  150  ls
  151  cd counts.txt
  152  open cmds.log
  153  open counts.txt
  154  cd Worksheet2
  155  ls
  156  open -a cmds.log
  157  cat cmds.log
  158  cd .
  159  cd ..
  160  cat cmds.log
  161  cat counts.txt
  162  cd
  163  ls
  164  cd Worksheet2
  165  pwd
  166  mv cmds.log /mnt/scratch/SP24_CS131_Jyotika/breannasp24/Worksheet2
  167  cd Worksheet2
  168  cd ..
  169  mv cmds.log /mnt/scratch/SP24_CS131_Jyotika/breannasp24/Worksheet2
  170  ls
  171  cd Worksheet2
  172  ls
  173  cat cmds.log
  174  cd ..
  175  mv counts.txt /mnt/scratch/SP24_CS131_Jyotika/breannasp24/Worksheet2
  176  cd
  177  ls
  178  cd Worksheet2
  179  ls
  180  cat counts.txt
  181  git init
  182  git add .
  183  git status
  184  git commit -m "New push because the first push was blank files"
  185  git remote add origin git@github.com:breannakchi/Worksheet2.git
  186  git push --set-upstream origin master
  187  git push origin main
  188  pwd
  189  ls
  190  pwd
  191  mkdir Assignment1
  192  ls
  193  cd Assignment1
  194  echo $SHELL
  195  echo $HOME
  196  id -u
  197  groups
  198  groups username
  199  groups
  200  mkdir "Assignment1/myDir"
  201  cd ..
  202  mkdir "Assignment1/myDir"
  203  ls
  204  cd Assignment1
  205  ls
  206  chmod u-w Assignment1/myDir
  207  cd myDir
  208  chmod u-w
  209  chmod u-w myDir
  210  cd ..
  211  chmod u-w Assignment1/myDir
  212  chmod u-w myDir
  213  cd myDir
  214  ls
  215  ls -l
  216  cd ..
  217  mkdir myDir2
  218  cd ..
  219  ls
  220  cd Assignment1/
  221  mkdir myDir3
  222  ls
  223  cd myDir2
  224  touch myFile.txt
  225  mv myFile.txt myDir3
  226  ls
  227  cd ..
  228  ls Assignment1/
  229  cd myDir3
  230  cd myDir2
  231  ls Assignment1/
  232  cd myDir
  233  ls Assignment1
  234  cd myDir
  235  cd Assignment1
  236  ls
  237  cd myDir
  238  ls
  239  cd ..
  240  cd myDir2
  241  ls
  242  cd ..
  243  cd myDir3
  244  ls
  245  cd ..
  246  ls
  247  cd myDir2
  248  ls
  249  cd myDir3
  250  rm myDir3
  251  rm myFile.txt
  252  touch myFile.txt
  253  ls
  254  mv myFile.txt myDir3/
  255  mv myDir2/myFile.txt myDir3/
  256  cd ..
  257  mv myDir2/myFile.txt myDir3/
  258  cd
  259  ls
  260  cd Assignment1/
  261  ls
  262  cd myDir3
  263  ls
  264  free -m
  265  man free
  266  cat /etc/os-release
  267  cd ..
  268  ls -l /etc/os-release
  269  pwd
  270  ls
  271  cd Assignment1
  272  ls
  273  touch Assignment1.txt
  274  ls
  275  nano Assignment1.txt
  276  ls
  277  history > cmds.log
  278  ls
  279  nano cmds.log
  280  ls
  281  cd
  282  Assignment1
  283  cd Assignment1
  284  ls
  285  git init
  286  git add .
  287  git status
  288  git config --global user.email breannakchi@gmail.com
  289  git config --global user.name breannakchi
  290  git remote add origin git@github.com:breannakchi/Assignment1.git
  291  git commit -m "these are the directories and files for assignment1"
  292  git push -u origin main
  293  git remote add origin git@github.com:breannakchi/Assignment1.git
  294  git push -u origin main
  295  git init
  296  git add .
  297  git remote add origin git@github.com:breannakchi/Assignment1.git
  298  git push -u origin main
  299  git push --set-upstream origin main
  300  git push -u origin main
  301  git init
  302  git add .
  303  git commit -m "necessary directories and files needed for assignment1"
  304  git remote add origin git@github.com:breannakchi/Assignment1.git
  305  git push -u origin main
  306  git branch
  307  git push --set-upstream origin master
  308  mkdir Assignment2
  309  find /etc -type f > one.txt 2> two.txt
  310  cat one.txt
  311  cat two.txt
  312  wget https://raw.githubusercontent.com/jyotikahp/DemoRepoForCS131/main/Global%20YouTube%20Statistics.csv
  313  Obl0ngG0rg3R@chttps://raw.githubusercontent.com/jyotikahp/DemoRepoForCS131/main/Global%20YouTube%20Statistics.csvm
  314  cut -d',' -f3,4 "Global YouTube Statistics.csv"
  315  sort -t',' -k2,2 -k1,1n
  316  cd
  317  ls
  318  cd assignment2
  319  cut -d',' -f1,3,4 "Global YouTube Statistics.csv" | sort | uniq -c | sort -nr | head -n 3
  320  head -n 1 "Global YouTube Statistics.csv" | awk -F ',' '{for(i=1;i<=NF;i++) if($i=="created year" || $i=="created month") print i}'
  321  cat "Global YouTube Statistics.csv"
  322  cat "Global YouTube Statistics.csv" | head -n 1
  323  Find the top 3 Month and Year combinations [Month, Year] which had the most YouTube channels created [ Use the created year and created month columns ] 
  324  awk -F ',' 'NR > 1 {count[$21","$22]++} END {for (date in count) print count[date], date}' "Global YouTube Statistics.csv" | sort -rn | head -n 3
  325  awk -F ',' 'NR > 1 {count[$21","$22]++} END {max_count = 0; max_date = ""; for (date in count) {if (count[date] > max_count) {max_count = count[date]; max_date = date}} print max_date}' "Global YouTube Statistics.csv"
  326  awk -F ',' 'NR > 1 {count[$21","$22]++} END {for (date in count) print count[date], date}' "Global YouTube Statistics.csv" | sort -rn | head -n 3
  327  awk -F ',' 'NR > 1 {count[$21","($22 < 50 ? "20" : "19")$22]++} END {for (date in count) print count[date], date}' "Global YouTube Statistics.csv" | sort -rn | head -n 3
  328  awk -F ',' 'NR > 1 {count[$21","($22 < 50 ? "20" : "19")$22]++} END {for (date in count) print count[date], date}' "Global YouTube Statistics.csv" | sort -rn | awk 'BEGIN{OFS=","; rank=1} {print rank".", $2, "with", $1, "channels"; rank++}' | head -n 3
  329  vi file.txt
  330  ps -u breannasp24
  331  pidof systemd
  332  cat one.txt
  333  cat two.txt
  334  find /etc -type f > one.txt 2> two.txt
  335  cat one.txt
  336  cat two.txt
  337  wget https://raw.githubusercontent.com/jyotikahp/DemoRepoForCS131/main/Global%20YouTube%20Statistics.csv
  338  cut -d ',' -f 21,22 "Global YouTube Statistics.csv.2" | sort | uniq -c | sort -nr | head -n 3
  339  head -n 1 "Global YouTube Statistics.csv" | awk -F ',' '{for(i=1;i<=NF;i++) print i, $i}'
  340  cut -d ',' -f 20,21 "Global YouTube Statistics.csv"
  341  cut -d ',' -f 20,21 "Global YouTube Statistics.csv" | awk -F ',' '{count[$1","$2]++} END {for (date in count) print date" with "count[date]" channels"}'
  342  cut -d ',' -f 20,21 "Global YouTube Statistics.csv" | awk -F ',' '{count[$1","$2]++} \
  343  END {for (date in count) print date" with "count[date]" channels"}' | sort -r -t',' -k4,4 | head -n 3
  344  cut -d ',' -f 20,21 "Global YouTube Statistics.csv
  345  cut -d ',' -f 20,21 "Global YouTube Statistics.csv"
  346  head -n 1 "Global YouTube Statistics.csv" | awk -F ',' '{for(i=1;i<=NF;i++) print i, $i}'
  347  cut -d ',' -f 20,21 "Global YouTube Statistics.csv"
  348  cut -d ',' -f 20,21 "Global YouTube Statistics.csv" | awk -F ',' '{count[$1","$2]++} END {for (date in count) print date" with "count[date]" channels"}'
  349  sort
  350  cut -d ',' -f 20,21 "Global YouTube Statistics.csv" | sort | uniq -c | sort -nr | head -n 1 | awk '{print $2, $3}'
  351  cut -d ',' -f 20,21 "Global YouTube Statistics.csv" | awk -F ',' '{count[$1","$2]++} END {for (date in count) print date" with "count[date]" channels"}'
  352  cut -d ',' -f 20,21 "Global YouTube Statistics.csv" | awk -F ',' '{count[$1","$2]++} END {for (date in count) print date" with "count[date]" channels"}' | sort -nrk3
  353  head -n 3
  354  cut -d ',' -f 20,21 "Global YouTube Statistics.csv" | awk -F ',' '{count[$1","$2]++} END {for (date in count) print date" with "count[date]" channels"}' | sort -nrk3 | head -n 3
  355  ps -u$(whoami)
  356  ps -u breannasp24
  357  vi file.txt
  358  ls
  359  cd Assignment2
  360  nano Assignment2.txt
  361  cd
  362  ls
  363  cd Assignment2
  364  ls
  365  nano Assignment2.txt
  366  cmds.log
  367  history > cmds.log
  368  git init
  369  git add .
  370  git status
  371  git config --global user.email breannakchi@gmail.com
  372  git condif --global user.name breannakchi
  373  git config --global user.name breannakchi
  374  git remote add origin git@github.com:breannakchi/Assignment2.git
  375  git commit -m "pushing the assignment2 to my github with the log and txt file"
  376  git push -u origin main
  377  git branch -m main
  378  git push -u origin main
  379  ls
  380  mkdir Worksheet3
  381  cd
  382  ls
  383  head -n 1 "Global YouTube Statistics.csv" | awk -F ',' '{for(i=1;i<=NF;i++) print i, $i}'
  384  grep -E "United States|United Kingdom|India" youtube_data.csv | grep -v ",NA$" sort -t ',' -k$16,$16nr
  385  grep -E "United States|United Kingdom|India" youtube_data.csv | grep -v ",NA$" sort -t ',' -k$16,$16nr head -n 3 cut -d ',' -f8,1
  386  grep -E "United States|United Kingdom|India" Global YouTube Statistics.csv | grep -v ",NA$" sort -t ',' -k$16,$16nr head -n 3 cut -d ',' -f8,1
  387  head -n 1 "Global YouTube Statistics.csv" | awk -F ',' '{for(i=1;i<=NF;i++) print i, $i}'
  388  grep -E "United States|United Kingdom|India" "Global YouTube Statistics.csv" | grep -v ",NA$" sort -t ',' -k$16,$16nr head -n 3 cut -d ',' -f8,1
  389  grep -E "United States|United Kingdom|India" "Global YouTube Statistics.csv" 
  390  grep -E "United States|United Kingdom|India" "Global YouTube Statistics.csv"     | grep -v ",NA$" | sort -t ',' -k16,16nr | head -n 3 | cut -d ',' -f8,1
  391  grep -E "United States|United Kingdom|India" "Global YouTube Statistics.csv"
  392  grep -E "United States|United Kingdom|India" "Global YouTube Statistics.csv" grep - v ",NA$"
  393  grep -E "United States|United Kingdom|India" "Global YouTube Statistics.csv" grep - v ",NA$" grep -E "United States|United Kingdom|India" "Global YouTube Statistics.csv"
  394  grep -E "United States|United Kingdom|India" "Global YouTube Statistics.csv" grep - v ",NA$" grep -E "United States|United Kingdom|India" "Global YouTube Statistics.csv" | grep -v ",NA$" | sort -t ',' -k16,16nr | head -n 3 | grep -E "United States|United Kingdom|India" |cut -d ',' -f8,1
  395  grep -E "United States|United Kingdom|India" "Global YouTube Statistics.csv" grep - v ",NA$" grep -E "United States|United Kingdom|India" "Global YouTube Statistics.csv" | grep -v ",NA$" | sort -t ',' -k16,16nr | head -n 3 | grep -E "United States|United Kingdom|India" | cut -d ',' -f8,1
  396  grep -E "United States|United Kingdom|India" "Global YouTube Statistics.csv"     | grep -v ",NA$"     | sort -t ',' -k16,16nr     | head -n 3     | grep -E "United States|United Kingdom|India"     | cut -d ',' -f8,1
  397  grep -E "United States|United Kingdom|India" "Global YouTube Statistics.csv"     | grep -v ",NA$"     | sort -t ',' -k16,16nr       | grep -E "United States|United Kingdom|India"     | cut -d ',' -f8,1
  398  head -n 1 "Global YouTube Statistics.csv" | awk -F ',' '{for(i=1;i<=NF;i++) print i, $i}'
  399  awk -F ',' 'NR > 1 && $16 == "highest_monthly_earnings" {print $2, $8}' "Global YouTube Statistics.csv"
  400  awk -F ',' 'NR > 1 && $16 == "highest_monthly_earnings" {print $6, $8}' "Global YouTube Statistics.csv"
  401  awk -F ',' 'NR > 1 && $16 == "highest_monthly_earnings" {print $2, $8}' "Global YouTube Statistics.csv"
  402  head -n 1 "Global YouTube Statistics.csv" | awk -F ',' '{for(i=1;i<=NF;i++) print i, $i}'
  403  tail -n +2 "Global YouTube Statistics.csv" | sort -t ',' -k16,16nr | awk -F ',' 'NR==1 {print $6, $8}'
  404  head -n 1 "Global YouTube Statistics.csv" | awk -F ',' '{for(i=1;i<=NF;i++) print i, $i}'
  405  awk -F ',' 'NR > 1 {max = ($16 > max) ? $16 : max} END {print "Highest Monthly Earnings:", max}' "Global YouTube Statistics.csv"
  406  awk -F ',' 'NR == 2 {max_earnings = $16; country = $8} NR > 1 {if ($16 > max_earnings) {max_earnings = $16; country = $8}} END {print "Country with Highest Monthly Earnings:", country, "Earnings:", max_earnings}' "Global YouTube Statistics.csv"
  407  awk -F ',' '$8 == "United States" {max = ($16 > max) ? $16 : max} END {print "Highest Monthly Earning in United States:", max}' "Global YouTube Statistics.csv"
  408  awk -F ',' '$8 == "Indis" {max = ($16 > max) ? $16 : max} END {print "Highest Monthly Earning in India:", max}' "Global YouTube Statistics.csv"
  409  awk -F ',' '$8 == "India" {max = ($16 > max) ? $16 : max} END {print "Highest Monthly Earning in India:", max}' "Global YouTube Statistics.csv"
  410  awk -F ',' '$8 == "United Kingdom" {max = ($16 > max) ? $16 : max} END {print "Highest Monthly Earning in United Kingdom:", max}' "Global YouTube Statistics.csv"
  411  awk -F ',' '($8 == "United States" || $8 == "United Kingdom" || $8 == "India") {max[$8] = ($16 > max[$8]) ? $16 : max[$8]} END {for (country in max) print "Highest Monthly Earning in " country ":", max[country]}' "Global YouTube Statistics.csv"
  412  head -n 1 "Global YouTube Statistics.csv" | awk -F ',' '{for(i=1;i<=NF;i++) print i, $i}'
  413  awk -F ',' 'NR > 1 {max = ($3 > max) ? $16 : max} END {print "Most Subscribers:", max}' "Global YouTube Statistics.csv"
  414  awk -F ',' 'NR > 1 {max = ($3 > max) ? $3 : max} END {print "Most Subscribers:", max}' "Global YouTube Statistics.csv"
  415  cut -d ',' -f 5 "Global YouTube Statistics.csv" | tail -n +2 | sort | uniq
  416  awk -F ',' '$5 == "Education" && NR > 1 {max = ($3 > max) ? $3 : max} END {print "Most Subscribers in Education:", max}' "Global YouTube Statistics.csv"
  417  awk -F ',' '($5 == "Education" || $5 == "Entertainment" || $5 == "Sports") && NR > 1 {max[$5] = ($3 > max[$5]) ? $3 : max[$5]} END {for (category in max) print "Most Subscribers in", category ":", max[category]}' "Global YouTube Statistics.csv"
  418  script ws3.txt
  419  cd
  420  ls
  421  cd Worksheet3
  422   awk -F ',' '($8 == "United States" || $8 == "United Kingdom" || $8 == "India") {max[$8] = ($16 > max[$8]) ? $16 : max[$8]} END {for (country in max) print "Highest Monthly Earning in " country ":", max[country]}' "Global YouTube Statistics.csv"
  423  wget https://raw.githubusercontent.com/jyotikahp/DemoRepoForCS131/main/Global%20YouTube%20Statistics.csv
  424   awk -F ',' '($8 == "United States" || $8 == "United Kingdom" || $8 == "India") {max[$8] = ($16 > max[$8]) ? $16 : max[$8]} END {for (country in max) print "Highest Monthly Earning in " country ":", max[country]}' "Global YouTube Statistics.csv" > ws3.txt
  425  awk -F ',' '($5 == "Education" || $5 == "Entertainment" || $5 == "Sports") && NR > 1 {max[$5] = ($3 > max[$5]) ? $3 : max[$5]} END {for (category in max) print "Most Subscribers in", category ":", max[category]}' "Global YouTube Statistics.csv" > ws3.txt
  426  vi ws3.txt
  427   awk -F ',' '($8 == "United States" || $8 == "United Kingdom" || $8 == "India") {max[$8] = ($16 > max[$8]) ? $16 : max[$8]} END {for (country in max) print "Highest Monthly Earning in " country ":", max[country]}' "Global YouTube Statistics.csv" > ws3.txt
  428  vi ws3.txt
  429  awk -F ',' '($5 == "Education" || $5 == "Entertainment" || $5 == "Sports") && NR > 1 {max[$5] = ($3 > max[$5]) ? $3 : max[$5]} END {for (category in max) print "Most Subscribers in", category ":", max[category]}' "Global YouTube Statistics.csv" >> ws3.txt
  430  vi ws3.txt
  431  awk -F ',' '($5 == "Education" || $5 == "Entertainment" || $5 == "Sports") && NR > 1 {max[$5] = ($3 > max[$5]) ? $3 : max[$5]} END {for (category in max) print "Most Subscribers in", category ":", max[category]}' "Global YouTube Statistics.csv" >> ws3.txt
  432  vi ws3.txt
  433  history > cmds.log
